# JRE version: OpenJDK Runtime Environment (8.0_242-b01) (build 1.8.0_242-release-1644-b01)
# Java VM: OpenJDK 64-Bit Server VM (25.242-b01 mixed mode windows-amd64 compressed oops)
Heap:
 PSYoungGen      total 479232K, used 125474K [0x00000000e0000000, 0x0000000100000000, 0x0000000100000000)
  eden space 441344K, 28% used [0x00000000e0000000,0x00000000e7a88a90,0x00000000faf00000)
  from space 37888K, 0% used [0x00000000fdb00000,0x00000000fdb00000,0x0000000100000000)
  to   space 41472K, 0% used [0x00000000faf00000,0x00000000faf00000,0x00000000fd780000)
 ParOldGen       total 325120K, used 194328K [0x00000000a0000000, 0x00000000b3d80000, 0x00000000e0000000)
  object space 325120K, 59% used [0x00000000a0000000,0x00000000abdc61f0,0x00000000b3d80000)
 Metaspace       used 108466K, capacity 114414K, committed 116696K, reserved 1150976K
  class space    used 14411K, capacity 15554K, committed 16128K, reserved 1048576K
GC Heap History (10 events):
Event: 479.463 GC heap before
{Heap before GC invocations=21 (full 4):
 PSYoungGen      total 364032K, used 351517K [0x00000000e0000000, 0x00000000f8480000, 0x0000000100000000)
  eden space 347648K, 100% used [0x00000000e0000000,0x00000000f5380000,0x00000000f5380000)
  from space 16384K, 23% used [0x00000000f7480000,0x00000000f7847418,0x00000000f8480000)
  to   space 25088K, 0% used [0x00000000f5380000,0x00000000f5380000,0x00000000f6c00000)
 ParOldGen       total 239104K, used 160405K [0x00000000a0000000, 0x00000000ae980000, 0x00000000e0000000)
  object space 239104K, 67% used [0x00000000a0000000,0x00000000a9ca5608,0x00000000ae980000)
 Metaspace       used 90845K, capacity 95264K, committed 95448K, reserved 1132544K
  class space    used 12337K, capacity 13234K, committed 13312K, reserved 1048576K
Event: 481.107 GC heap after
Heap after GC invocations=21 (full 4):
 PSYoungGen      total 372736K, used 22651K [0x00000000e0000000, 0x00000000fc380000, 0x0000000100000000)
  eden space 347648K, 0% used [0x00000000e0000000,0x00000000e0000000,0x00000000f5380000)
  from space 25088K, 90% used [0x00000000f5380000,0x00000000f699ec30,0x00000000f6c00000)
  to   space 28160K, 0% used [0x00000000fa800000,0x00000000fa800000,0x00000000fc380000)
 ParOldGen       total 239104K, used 160413K [0x00000000a0000000, 0x00000000ae980000, 0x00000000e0000000)
  object space 239104K, 67% used [0x00000000a0000000,0x00000000a9ca7608,0x00000000ae980000)
 Metaspace       used 90845K, capacity 95264K, committed 95448K, reserved 1132544K
  class space    used 12337K, capacity 13234K, committed 13312K, reserved 1048576K
}
Event: 511.655 GC heap before
{Heap before GC invocations=22 (full 4):
 PSYoungGen      total 372736K, used 370299K [0x00000000e0000000, 0x00000000fc380000, 0x0000000100000000)
  eden space 347648K, 100% used [0x00000000e0000000,0x00000000f5380000,0x00000000f5380000)
  from space 25088K, 90% used [0x00000000f5380000,0x00000000f699ec30,0x00000000f6c00000)
  to   space 28160K, 0% used [0x00000000fa800000,0x00000000fa800000,0x00000000fc380000)
 ParOldGen       total 239104K, used 160413K [0x00000000a0000000, 0x00000000ae980000, 0x00000000e0000000)
  object space 239104K, 67% used [0x00000000a0000000,0x00000000a9ca7608,0x00000000ae980000)
 Metaspace       used 103197K, capacity 110142K, committed 110296K, reserved 1144832K
  class space    used 14171K, capacity 15519K, committed 15616K, reserved 1048576K
Event: 515.374 GC heap after
Heap after GC invocations=22 (full 4):
 PSYoungGen      total 425984K, used 28153K [0x00000000e0000000, 0x00000000fe780000, 0x0000000100000000)
  eden space 397824K, 0% used [0x00000000e0000000,0x00000000e0000000,0x00000000f8480000)
  from space 28160K, 99% used [0x00000000fa800000,0x00000000fc37e790,0x00000000fc380000)
  to   space 36352K, 0% used [0x00000000f8480000,0x00000000f8480000,0x00000000fa800000)
 ParOldGen       total 239104K, used 170075K [0x00000000a0000000, 0x00000000ae980000, 0x00000000e0000000)
  object space 239104K, 71% used [0x00000000a0000000,0x00000000aa616e28,0x00000000ae980000)
 Metaspace       used 103197K, capacity 110142K, committed 110296K, reserved 1144832K
  class space    used 14171K, capacity 15519K, committed 15616K, reserved 1048576K
}
Event: 549.821 GC heap before
{Heap before GC invocations=23 (full 4):
 PSYoungGen      total 425984K, used 425977K [0x00000000e0000000, 0x00000000fe780000, 0x0000000100000000)
  eden space 397824K, 100% used [0x00000000e0000000,0x00000000f8480000,0x00000000f8480000)
  from space 28160K, 99% used [0x00000000fa800000,0x00000000fc37e790,0x00000000fc380000)
  to   space 36352K, 0% used [0x00000000f8480000,0x00000000f8480000,0x00000000fa800000)
 ParOldGen       total 239104K, used 170075K [0x00000000a0000000, 0x00000000ae980000, 0x00000000e0000000)
  object space 239104K, 71% used [0x00000000a0000000,0x00000000aa616e28,0x00000000ae980000)
 Metaspace       used 104783K, capacity 111864K, committed 111960K, reserved 1144832K
  class space    used 14316K, capacity 15664K, committed 15744K, reserved 1048576K
Event: 550.570 GC heap after
Heap after GC invocations=23 (full 4):
 PSYoungGen      total 434176K, used 23299K [0x00000000e0000000, 0x0000000100000000, 0x0000000100000000)
  eden space 397824K, 0% used [0x00000000e0000000,0x00000000e0000000,0x00000000f8480000)
  from space 36352K, 64% used [0x00000000f8480000,0x00000000f9b40cb0,0x00000000fa800000)
  to   space 37888K, 0% used [0x00000000fdb00000,0x00000000fdb00000,0x0000000100000000)
 ParOldGen       total 239104K, used 180741K [0x00000000a0000000, 0x00000000ae980000, 0x00000000e0000000)
  object space 239104K, 75% used [0x00000000a0000000,0x00000000ab081600,0x00000000ae980000)
 Metaspace       used 104783K, capacity 111864K, committed 111960K, reserved 1144832K
  class space    used 14316K, capacity 15664K, committed 15744K, reserved 1048576K
}
Event: 568.714 GC heap before
{Heap before GC invocations=24 (full 4):
 PSYoungGen      total 434176K, used 420494K [0x00000000e0000000, 0x0000000100000000, 0x0000000100000000)
  eden space 397824K, 99% used [0x00000000e0000000,0x00000000f83e2bc8,0x00000000f8480000)
  from space 36352K, 64% used [0x00000000f8480000,0x00000000f9b40cb0,0x00000000fa800000)
  to   space 37888K, 0% used [0x00000000fdb00000,0x00000000fdb00000,0x0000000100000000)
 ParOldGen       total 239104K, used 180741K [0x00000000a0000000, 0x00000000ae980000, 0x00000000e0000000)
  object space 239104K, 75% used [0x00000000a0000000,0x00000000ab081600,0x00000000ae980000)
 Metaspace       used 105754K, capacity 112962K, committed 113112K, reserved 1146880K
  class space    used 14454K, capacity 15841K, committed 15872K, reserved 1048576K
Event: 570.856 GC heap after
Heap after GC invocations=24 (full 4):
 PSYoungGen      total 479232K, used 31073K [0x00000000e0000000, 0x0000000100000000, 0x0000000100000000)
  eden space 441344K, 0% used [0x00000000e0000000,0x00000000e0000000,0x00000000faf00000)
  from space 37888K, 82% used [0x00000000fdb00000,0x00000000ff9585b0,0x0000000100000000)
  to   space 41472K, 0% used [0x00000000faf00000,0x00000000faf00000,0x00000000fd780000)
 ParOldGen       total 269312K, used 245574K [0x00000000a0000000, 0x00000000b0700000, 0x00000000e0000000)
  object space 269312K, 91% used [0x00000000a0000000,0x00000000aefd1bd0,0x00000000b0700000)
 Metaspace       used 105754K, capacity 112962K, committed 113112K, reserved 1146880K
  class space    used 14454K, capacity 15841K, committed 15872K, reserved 1048576K
}
Event: 570.859 GC heap before
{Heap before GC invocations=25 (full 5):
 PSYoungGen      total 479232K, used 31073K [0x00000000e0000000, 0x0000000100000000, 0x0000000100000000)
  eden space 441344K, 0% used [0x00000000e0000000,0x00000000e0000000,0x00000000faf00000)
  from space 37888K, 82% used [0x00000000fdb00000,0x00000000ff9585b0,0x0000000100000000)
  to   space 41472K, 0% used [0x00000000faf00000,0x00000000faf00000,0x00000000fd780000)
 ParOldGen       total 269312K, used 245574K [0x00000000a0000000, 0x00000000b0700000, 0x00000000e0000000)
  object space 269312K, 91% used [0x00000000a0000000,0x00000000aefd1bd0,0x00000000b0700000)
 Metaspace       used 105754K, capacity 112962K, committed 113112K, reserved 1146880K
  class space    used 14454K, capacity 15841K, committed 15872K, reserved 1048576K
Event: 583.716 GC heap after
Heap after GC invocations=25 (full 5):
 PSYoungGen      total 479232K, used 0K [0x00000000e0000000, 0x0000000100000000, 0x0000000100000000)
  eden space 441344K, 0% used [0x00000000e0000000,0x00000000e0000000,0x00000000faf00000)
  from space 37888K, 0% used [0x00000000fdb00000,0x00000000fdb00000,0x0000000100000000)
  to   space 41472K, 0% used [0x00000000faf00000,0x00000000faf00000,0x00000000fd780000)
 ParOldGen       total 325120K, used 194328K [0x00000000a0000000, 0x00000000b3d80000, 0x00000000e0000000)
  object space 325120K, 59% used [0x00000000a0000000,0x00000000abdc61f0,0x00000000b3d80000)
 Metaspace       used 104903K, capacity 110756K, committed 113112K, reserved 1146880K
  class space    used 14161K, capacity 15322K, committed 15872K, reserved 1048576K
}

